[2025-04-16 02:37:29,327] INFO django.utils.autoreload Watching for file changes with StatReloader
[2025-04-16 02:38:30,294] INFO django.utils.autoreload /usr/src/app/core/settings.py changed, reloading.
[2025-04-16 02:38:31,612] INFO django.utils.autoreload Watching for file changes with StatReloader
[2025-04-16 02:41:16,927] INFO django.utils.autoreload /usr/src/app/core/tasks.py changed, reloading.
[2025-04-16 02:41:18,206] INFO django.utils.autoreload Watching for file changes with StatReloader
[2025-04-16 02:44:42,059] INFO django.utils.autoreload /usr/src/app/orders/models.py changed, reloading.
[2025-04-16 02:44:42,968] INFO django.utils.autoreload Watching for file changes with StatReloader
[2025-04-16 02:45:13,386] INFO django.utils.autoreload /usr/src/app/orders/models.py changed, reloading.
[2025-04-16 02:45:14,803] INFO django.utils.autoreload Watching for file changes with StatReloader
[2025-04-16 02:45:36,318] INFO django.utils.autoreload /usr/src/app/orders/models.py changed, reloading.
[2025-04-16 02:45:37,645] INFO django.utils.autoreload Watching for file changes with StatReloader
[2025-04-16 02:46:30,493] ERROR celery.utils.dispatch.signal Signal handler <bound method DjangoFixup.on_import_modules of <celery.fixups.django.DjangoFixup object at 0x7f8c94eb9880>> raised: ModuleNotFoundError("No module named 'django_celery_beat'")
Traceback (most recent call last):
  File "/usr/local/lib/python3.12/site-packages/celery/utils/dispatch/signal.py", line 276, in send
    response = receiver(signal=self, sender=sender, **named)
               ^^^^^^^^^^^^^^^^^^^^^^^^^^^^^^^^^^^^^^^^^^^^^
  File "/usr/local/lib/python3.12/site-packages/celery/fixups/django.py", line 100, in on_import_modules
    self.worker_fixup.validate_models()
  File "/usr/local/lib/python3.12/site-packages/celery/fixups/django.py", line 138, in validate_models
    self.django_setup()
  File "/usr/local/lib/python3.12/site-packages/celery/fixups/django.py", line 134, in django_setup
    django.setup()
  File "/usr/local/lib/python3.12/site-packages/django/__init__.py", line 24, in setup
    apps.populate(settings.INSTALLED_APPS)
  File "/usr/local/lib/python3.12/site-packages/django/apps/registry.py", line 91, in populate
    app_config = AppConfig.create(entry)
                 ^^^^^^^^^^^^^^^^^^^^^^^
  File "/usr/local/lib/python3.12/site-packages/django/apps/config.py", line 193, in create
    import_module(entry)
  File "/usr/local/lib/python3.12/importlib/__init__.py", line 90, in import_module
    return _bootstrap._gcd_import(name[level:], package, level)
           ^^^^^^^^^^^^^^^^^^^^^^^^^^^^^^^^^^^^^^^^^^^^^^^^^^^^
  File "<frozen importlib._bootstrap>", line 1387, in _gcd_import
  File "<frozen importlib._bootstrap>", line 1360, in _find_and_load
  File "<frozen importlib._bootstrap>", line 1324, in _find_and_load_unlocked
ModuleNotFoundError: No module named 'django_celery_beat'
[2025-04-16 02:46:30,494] ERROR celery.utils.dispatch.signal Signal handler <promise@0x7f8c94ee80f0 --> <bound method Celery._autodiscover_tasks of <Celery core at 0x7f8c94eba1e0>>> raised: AppRegistryNotReady("Apps aren't loaded yet.")
Traceback (most recent call last):
  File "/usr/local/lib/python3.12/site-packages/celery/utils/dispatch/signal.py", line 276, in send
    response = receiver(signal=self, sender=sender, **named)
               ^^^^^^^^^^^^^^^^^^^^^^^^^^^^^^^^^^^^^^^^^^^^^
  File "/usr/local/lib/python3.12/site-packages/vine/promises.py", line 161, in __call__
    return self.throw()
           ^^^^^^^^^^^^
  File "/usr/local/lib/python3.12/site-packages/vine/promises.py", line 158, in __call__
    retval = fun(*final_args, **final_kwargs)
             ^^^^^^^^^^^^^^^^^^^^^^^^^^^^^^^^
  File "/usr/local/lib/python3.12/site-packages/celery/app/base.py", line 694, in _autodiscover_tasks
    return self._autodiscover_tasks_from_fixups(related_name)
           ^^^^^^^^^^^^^^^^^^^^^^^^^^^^^^^^^^^^^^^^^^^^^^^^^^
  File "/usr/local/lib/python3.12/site-packages/celery/app/base.py", line 706, in _autodiscover_tasks_from_fixups
    for pkg in fixup.autodiscover_tasks()
               ^^^^^^^^^^^^^^^^^^^^^^^^^^
  File "/usr/local/lib/python3.12/site-packages/celery/fixups/django.py", line 110, in autodiscover_tasks
    return [config.name for config in apps.get_app_configs()]
                                      ^^^^^^^^^^^^^^^^^^^^^^
  File "/usr/local/lib/python3.12/site-packages/django/apps/registry.py", line 147, in get_app_configs
    self.check_apps_ready()
  File "/usr/local/lib/python3.12/site-packages/django/apps/registry.py", line 138, in check_apps_ready
    raise AppRegistryNotReady("Apps aren't loaded yet.")
django.core.exceptions.AppRegistryNotReady: Apps aren't loaded yet.
[2025-04-16 02:46:30,528] ERROR celery.utils.dispatch.signal Signal handler <bound method DjangoFixup.on_import_modules of <celery.fixups.django.DjangoFixup object at 0x7eff96655eb0>> raised: ModuleNotFoundError("No module named 'django_celery_beat'")
Traceback (most recent call last):
  File "/usr/local/lib/python3.12/site-packages/celery/utils/dispatch/signal.py", line 276, in send
    response = receiver(signal=self, sender=sender, **named)
               ^^^^^^^^^^^^^^^^^^^^^^^^^^^^^^^^^^^^^^^^^^^^^
  File "/usr/local/lib/python3.12/site-packages/celery/fixups/django.py", line 100, in on_import_modules
    self.worker_fixup.validate_models()
  File "/usr/local/lib/python3.12/site-packages/celery/fixups/django.py", line 138, in validate_models
    self.django_setup()
  File "/usr/local/lib/python3.12/site-packages/celery/fixups/django.py", line 134, in django_setup
    django.setup()
  File "/usr/local/lib/python3.12/site-packages/django/__init__.py", line 24, in setup
    apps.populate(settings.INSTALLED_APPS)
  File "/usr/local/lib/python3.12/site-packages/django/apps/registry.py", line 91, in populate
    app_config = AppConfig.create(entry)
                 ^^^^^^^^^^^^^^^^^^^^^^^
  File "/usr/local/lib/python3.12/site-packages/django/apps/config.py", line 193, in create
    import_module(entry)
  File "/usr/local/lib/python3.12/importlib/__init__.py", line 90, in import_module
    return _bootstrap._gcd_import(name[level:], package, level)
           ^^^^^^^^^^^^^^^^^^^^^^^^^^^^^^^^^^^^^^^^^^^^^^^^^^^^
  File "<frozen importlib._bootstrap>", line 1387, in _gcd_import
  File "<frozen importlib._bootstrap>", line 1360, in _find_and_load
  File "<frozen importlib._bootstrap>", line 1324, in _find_and_load_unlocked
ModuleNotFoundError: No module named 'django_celery_beat'
[2025-04-16 02:46:30,529] ERROR celery.utils.dispatch.signal Signal handler <promise@0x7eff965a40f0 --> <bound method Celery._autodiscover_tasks of <Celery core at 0x7eff96576f00>>> raised: AppRegistryNotReady("Apps aren't loaded yet.")
Traceback (most recent call last):
  File "/usr/local/lib/python3.12/site-packages/celery/utils/dispatch/signal.py", line 276, in send
    response = receiver(signal=self, sender=sender, **named)
               ^^^^^^^^^^^^^^^^^^^^^^^^^^^^^^^^^^^^^^^^^^^^^
  File "/usr/local/lib/python3.12/site-packages/vine/promises.py", line 161, in __call__
    return self.throw()
           ^^^^^^^^^^^^
  File "/usr/local/lib/python3.12/site-packages/vine/promises.py", line 158, in __call__
    retval = fun(*final_args, **final_kwargs)
             ^^^^^^^^^^^^^^^^^^^^^^^^^^^^^^^^
  File "/usr/local/lib/python3.12/site-packages/celery/app/base.py", line 694, in _autodiscover_tasks
    return self._autodiscover_tasks_from_fixups(related_name)
           ^^^^^^^^^^^^^^^^^^^^^^^^^^^^^^^^^^^^^^^^^^^^^^^^^^
  File "/usr/local/lib/python3.12/site-packages/celery/app/base.py", line 706, in _autodiscover_tasks_from_fixups
    for pkg in fixup.autodiscover_tasks()
               ^^^^^^^^^^^^^^^^^^^^^^^^^^
  File "/usr/local/lib/python3.12/site-packages/celery/fixups/django.py", line 110, in autodiscover_tasks
    return [config.name for config in apps.get_app_configs()]
                                      ^^^^^^^^^^^^^^^^^^^^^^
  File "/usr/local/lib/python3.12/site-packages/django/apps/registry.py", line 147, in get_app_configs
    self.check_apps_ready()
  File "/usr/local/lib/python3.12/site-packages/django/apps/registry.py", line 138, in check_apps_ready
    raise AppRegistryNotReady("Apps aren't loaded yet.")
django.core.exceptions.AppRegistryNotReady: Apps aren't loaded yet.
[2025-04-16 02:46:31,306] INFO django.utils.autoreload Watching for file changes with StatReloader
[2025-04-16 02:47:46,994] INFO django.utils.autoreload /usr/src/app/core/settings.py changed, reloading.
[2025-04-16 02:47:48,229] INFO django.utils.autoreload Watching for file changes with StatReloader
[2025-04-16 02:59:04,892] INFO django.utils.autoreload /usr/src/app/core/tasks.py changed, reloading.
[2025-04-16 02:59:05,952] INFO django.utils.autoreload Watching for file changes with StatReloader
[2025-04-16 02:59:40,533] INFO django.utils.autoreload /usr/src/app/core/settings.py changed, reloading.
[2025-04-16 02:59:41,713] INFO django.utils.autoreload Watching for file changes with StatReloader
[2025-04-16 03:03:02,322] INFO django.utils.autoreload /usr/src/app/orders/admin.py changed, reloading.
[2025-04-16 03:03:03,519] INFO django.utils.autoreload Watching for file changes with StatReloader
[2025-04-16 03:03:15,305] INFO django.server "GET /admin/orders/order/ HTTP/1.1" 200 11734
[2025-04-16 03:03:15,324] INFO django.server "GET /staticfiles/admin/css/base.css HTTP/1.1" 200 21544
[2025-04-16 03:03:15,336] INFO django.server "GET /staticfiles/admin/css/dark_mode.css HTTP/1.1" 200 2682
[2025-04-16 03:03:15,336] INFO django.server "GET /staticfiles/admin/css/nav_sidebar.css HTTP/1.1" 200 2810
[2025-04-16 03:03:15,343] INFO django.server "GET /staticfiles/admin/css/responsive.css HTTP/1.1" 200 17905
[2025-04-16 03:03:15,343] INFO django.server "GET /staticfiles/admin/css/changelists.css HTTP/1.1" 200 6811
[2025-04-16 03:03:15,348] INFO django.server "GET /staticfiles/admin/js/core.js HTTP/1.1" 200 6208
[2025-04-16 03:03:15,350] INFO django.server "GET /admin/jsi18n/ HTTP/1.1" 200 3342
[2025-04-16 03:03:15,350] INFO django.server "GET /staticfiles/admin/js/jquery.init.js HTTP/1.1" 200 347
[2025-04-16 03:03:15,352] INFO django.server "GET /staticfiles/admin/js/actions.js HTTP/1.1" 200 8067
[2025-04-16 03:03:15,353] INFO django.server "GET /staticfiles/admin/js/admin/RelatedObjectLookups.js HTTP/1.1" 200 9042
[2025-04-16 03:03:15,354] INFO django.server "GET /staticfiles/admin/js/urlify.js HTTP/1.1" 200 7887
[2025-04-16 03:03:15,354] INFO django.server "GET /staticfiles/admin/js/vendor/jquery/jquery.js HTTP/1.1" 200 285314
[2025-04-16 03:03:15,357] INFO django.server "GET /staticfiles/admin/js/prepopulate.js HTTP/1.1" 200 1531
[2025-04-16 03:03:15,360] INFO django.server "GET /staticfiles/admin/js/vendor/xregexp/xregexp.js HTTP/1.1" 200 325171
[2025-04-16 03:03:15,402] INFO django.server "GET /staticfiles/admin/js/nav_sidebar.js HTTP/1.1" 200 3063
[2025-04-16 03:03:15,402] INFO django.server "GET /staticfiles/admin/js/theme.js HTTP/1.1" 200 1943
[2025-04-16 03:03:15,407] INFO django.server "GET /staticfiles/admin/js/filters.js HTTP/1.1" 200 978
[2025-04-16 03:03:15,415] INFO django.server "GET /staticfiles/admin/img/icon-addlink.svg HTTP/1.1" 200 331
[2025-04-16 03:03:15,415] INFO django.server "GET /staticfiles/admin/img/tooltag-add.svg HTTP/1.1" 200 331
[2025-04-16 03:03:15,415] INFO django.server "GET /staticfiles/admin/img/sorting-icons.svg HTTP/1.1" 200 1097
[2025-04-16 03:03:17,423] ERROR django.request Internal Server Error: /admin/orders/randomobject/
Traceback (most recent call last):
  File "/usr/local/lib/python3.12/site-packages/django/db/backends/utils.py", line 105, in _execute
    return self.cursor.execute(sql, params)
           ^^^^^^^^^^^^^^^^^^^^^^^^^^^^^^^^
  File "/usr/local/lib/python3.12/site-packages/django/db/backends/sqlite3/base.py", line 329, in execute
    return super().execute(query, params)
           ^^^^^^^^^^^^^^^^^^^^^^^^^^^^^^
sqlite3.OperationalError: no such table: orders_randomobject

The above exception was the direct cause of the following exception:

Traceback (most recent call last):
  File "/usr/local/lib/python3.12/site-packages/django/core/handlers/exception.py", line 55, in inner
    response = get_response(request)
               ^^^^^^^^^^^^^^^^^^^^^
  File "/usr/local/lib/python3.12/site-packages/django/core/handlers/base.py", line 197, in _get_response
    response = wrapped_callback(request, *callback_args, **callback_kwargs)
               ^^^^^^^^^^^^^^^^^^^^^^^^^^^^^^^^^^^^^^^^^^^^^^^^^^^^^^^^^^^^
  File "/usr/local/lib/python3.12/site-packages/django/contrib/admin/options.py", line 716, in wrapper
    return self.admin_site.admin_view(view)(*args, **kwargs)
           ^^^^^^^^^^^^^^^^^^^^^^^^^^^^^^^^^^^^^^^^^^^^^^^^^
  File "/usr/local/lib/python3.12/site-packages/django/utils/decorators.py", line 188, in _view_wrapper
    result = _process_exception(request, e)
             ^^^^^^^^^^^^^^^^^^^^^^^^^^^^^^
  File "/usr/local/lib/python3.12/site-packages/django/utils/decorators.py", line 186, in _view_wrapper
    response = view_func(request, *args, **kwargs)
               ^^^^^^^^^^^^^^^^^^^^^^^^^^^^^^^^^^^
  File "/usr/local/lib/python3.12/site-packages/django/views/decorators/cache.py", line 80, in _view_wrapper
    response = view_func(request, *args, **kwargs)
               ^^^^^^^^^^^^^^^^^^^^^^^^^^^^^^^^^^^
  File "/usr/local/lib/python3.12/site-packages/django/contrib/admin/sites.py", line 240, in inner
    return view(request, *args, **kwargs)
           ^^^^^^^^^^^^^^^^^^^^^^^^^^^^^^
  File "/usr/local/lib/python3.12/site-packages/django/utils/decorators.py", line 48, in _wrapper
    return bound_method(*args, **kwargs)
           ^^^^^^^^^^^^^^^^^^^^^^^^^^^^^
  File "/usr/local/lib/python3.12/site-packages/django/utils/decorators.py", line 188, in _view_wrapper
    result = _process_exception(request, e)
             ^^^^^^^^^^^^^^^^^^^^^^^^^^^^^^
  File "/usr/local/lib/python3.12/site-packages/django/utils/decorators.py", line 186, in _view_wrapper
    response = view_func(request, *args, **kwargs)
               ^^^^^^^^^^^^^^^^^^^^^^^^^^^^^^^^^^^
  File "/usr/local/lib/python3.12/site-packages/django/contrib/admin/options.py", line 1985, in changelist_view
    cl = self.get_changelist_instance(request)
         ^^^^^^^^^^^^^^^^^^^^^^^^^^^^^^^^^^^^^
  File "/usr/local/lib/python3.12/site-packages/django/contrib/admin/options.py", line 864, in get_changelist_instance
    return ChangeList(
           ^^^^^^^^^^^
  File "/usr/local/lib/python3.12/site-packages/django/contrib/admin/views/main.py", line 145, in __init__
    self.get_results(request)
  File "/usr/local/lib/python3.12/site-packages/django/contrib/admin/views/main.py", line 312, in get_results
    result_count = paginator.count
                   ^^^^^^^^^^^^^^^
  File "/usr/local/lib/python3.12/site-packages/django/utils/functional.py", line 47, in __get__
    res = instance.__dict__[self.name] = self.func(instance)
                                         ^^^^^^^^^^^^^^^^^^^
  File "/usr/local/lib/python3.12/site-packages/django/core/paginator.py", line 110, in count
    return c()
           ^^^
  File "/usr/local/lib/python3.12/site-packages/django/db/models/query.py", line 620, in count
    return self.query.get_count(using=self.db)
           ^^^^^^^^^^^^^^^^^^^^^^^^^^^^^^^^^^^
  File "/usr/local/lib/python3.12/site-packages/django/db/models/sql/query.py", line 629, in get_count
    return obj.get_aggregation(using, {"__count": Count("*")})["__count"]
           ^^^^^^^^^^^^^^^^^^^^^^^^^^^^^^^^^^^^^^^^^^^^^^^^^^^
  File "/usr/local/lib/python3.12/site-packages/django/db/models/sql/query.py", line 615, in get_aggregation
    result = compiler.execute_sql(SINGLE)
             ^^^^^^^^^^^^^^^^^^^^^^^^^^^^
  File "/usr/local/lib/python3.12/site-packages/django/db/models/sql/compiler.py", line 1562, in execute_sql
    cursor.execute(sql, params)
  File "/usr/local/lib/python3.12/site-packages/django/db/backends/utils.py", line 122, in execute
    return super().execute(sql, params)
           ^^^^^^^^^^^^^^^^^^^^^^^^^^^^
  File "/usr/local/lib/python3.12/site-packages/django/db/backends/utils.py", line 79, in execute
    return self._execute_with_wrappers(
           ^^^^^^^^^^^^^^^^^^^^^^^^^^^^
  File "/usr/local/lib/python3.12/site-packages/django/db/backends/utils.py", line 92, in _execute_with_wrappers
    return executor(sql, params, many, context)
           ^^^^^^^^^^^^^^^^^^^^^^^^^^^^^^^^^^^^
  File "/usr/local/lib/python3.12/site-packages/django/db/backends/utils.py", line 100, in _execute
    with self.db.wrap_database_errors:
  File "/usr/local/lib/python3.12/site-packages/django/db/utils.py", line 91, in __exit__
    raise dj_exc_value.with_traceback(traceback) from exc_value
  File "/usr/local/lib/python3.12/site-packages/django/db/backends/utils.py", line 105, in _execute
    return self.cursor.execute(sql, params)
           ^^^^^^^^^^^^^^^^^^^^^^^^^^^^^^^^
  File "/usr/local/lib/python3.12/site-packages/django/db/backends/sqlite3/base.py", line 329, in execute
    return super().execute(query, params)
           ^^^^^^^^^^^^^^^^^^^^^^^^^^^^^^
django.db.utils.OperationalError: no such table: orders_randomobject
[2025-04-16 03:03:17,429] ERROR django.server "GET /admin/orders/randomobject/ HTTP/1.1" 500 189657
[2025-04-16 03:04:03,943] INFO django.server "GET /admin/orders/randomobject/ HTTP/1.1" 200 8155
[2025-04-16 03:04:03,971] INFO django.server "GET /admin/jsi18n/ HTTP/1.1" 200 3342
[2025-04-16 03:04:08,276] INFO django.server "GET /admin/orders/order/ HTTP/1.1" 200 11734
[2025-04-16 03:04:08,295] INFO django.server "GET /admin/jsi18n/ HTTP/1.1" 200 3342
[2025-04-16 03:04:09,961] INFO django.server "GET /admin/orders/product/ HTTP/1.1" 200 10862
[2025-04-16 03:04:09,989] INFO django.server "GET /admin/jsi18n/ HTTP/1.1" 200 3342
[2025-04-16 03:04:10,648] INFO django.server "GET /admin/orders/randomobject/ HTTP/1.1" 200 8155
[2025-04-16 03:04:10,674] INFO django.server "GET /admin/jsi18n/ HTTP/1.1" 200 3342
[2025-04-16 03:04:55,793] INFO django.utils.autoreload Watching for file changes with StatReloader
[2025-04-16 03:04:56,078] INFO django.server "GET /admin/orders/randomobject/ HTTP/1.1" 200 8155
[2025-04-16 03:04:56,115] INFO django.server "GET /admin/jsi18n/ HTTP/1.1" 200 3342
[2025-04-16 03:06:09,690] INFO django.utils.autoreload /usr/src/app/core/tasks.py changed, reloading.
[2025-04-16 03:06:10,726] INFO django.utils.autoreload Watching for file changes with StatReloader
[2025-04-16 03:06:50,190] INFO django.utils.autoreload Watching for file changes with StatReloader
[2025-04-16 03:07:45,106] INFO django.utils.autoreload Watching for file changes with StatReloader
[2025-04-16 03:08:14,289] INFO django.server "GET /admin/orders/randomobject/ HTTP/1.1" 200 9976
[2025-04-16 03:08:14,317] INFO django.server "GET /staticfiles/admin/css/base.css HTTP/1.1" 304 0
[2025-04-16 03:08:14,320] INFO django.server "GET /staticfiles/admin/css/dark_mode.css HTTP/1.1" 304 0
[2025-04-16 03:08:14,321] INFO django.server "GET /staticfiles/admin/js/vendor/jquery/jquery.js HTTP/1.1" 304 0
[2025-04-16 03:08:14,323] INFO django.server "GET /staticfiles/admin/css/responsive.css HTTP/1.1" 304 0
[2025-04-16 03:08:14,324] INFO django.server "GET /staticfiles/admin/css/nav_sidebar.css HTTP/1.1" 304 0
[2025-04-16 03:08:14,327] INFO django.server "GET /staticfiles/admin/css/changelists.css HTTP/1.1" 304 0
[2025-04-16 03:08:14,328] INFO django.server "GET /admin/jsi18n/ HTTP/1.1" 200 3342
[2025-04-16 03:08:14,330] INFO django.server "GET /staticfiles/admin/js/jquery.init.js HTTP/1.1" 304 0
[2025-04-16 03:08:14,330] INFO django.server "GET /staticfiles/admin/js/actions.js HTTP/1.1" 304 0
[2025-04-16 03:08:14,330] INFO django.server "GET /staticfiles/admin/js/admin/RelatedObjectLookups.js HTTP/1.1" 304 0
[2025-04-16 03:08:14,331] INFO django.server "GET /staticfiles/admin/js/core.js HTTP/1.1" 304 0
[2025-04-16 03:08:14,331] INFO django.server "GET /staticfiles/admin/js/urlify.js HTTP/1.1" 304 0
[2025-04-16 03:08:14,366] INFO django.server "GET /staticfiles/admin/js/prepopulate.js HTTP/1.1" 304 0
[2025-04-16 03:08:14,380] INFO django.server "GET /staticfiles/admin/js/vendor/xregexp/xregexp.js HTTP/1.1" 304 0
[2025-04-16 03:08:14,415] INFO django.server "GET /staticfiles/admin/js/theme.js HTTP/1.1" 304 0
[2025-04-16 03:08:14,433] INFO django.server "GET /staticfiles/admin/js/nav_sidebar.js HTTP/1.1" 304 0
[2025-04-16 03:08:14,439] INFO django.server "GET /staticfiles/admin/js/filters.js HTTP/1.1" 304 0
[2025-04-16 03:11:35,045] INFO django.utils.autoreload /usr/src/app/core/__init__.py changed, reloading.
[2025-04-16 03:11:36,346] INFO django.utils.autoreload Watching for file changes with StatReloader
[2025-04-16 03:13:20,568] INFO django.utils.autoreload /usr/src/app/core/__init__.py changed, reloading.
[2025-04-16 03:13:21,693] INFO django.utils.autoreload Watching for file changes with StatReloader
[2025-04-16 14:34:57,153] INFO django.utils.autoreload Watching for file changes with StatReloader
[2025-04-16 14:35:42,772] INFO django.utils.autoreload /usr/src/app/core/settings.py changed, reloading.
[2025-04-16 14:35:44,173] INFO django.utils.autoreload Watching for file changes with StatReloader
[2025-04-16 14:36:21,766] INFO django.utils.autoreload /usr/src/app/core/celery.py changed, reloading.
[2025-04-16 14:36:23,029] INFO django.utils.autoreload Watching for file changes with StatReloader
[2025-04-16 14:37:45,041] INFO django.utils.autoreload /usr/src/app/core/settings.py changed, reloading.
[2025-04-16 14:37:46,090] INFO django.utils.autoreload Watching for file changes with StatReloader
[2025-04-16 14:38:23,491] INFO django.utils.autoreload Watching for file changes with StatReloader
[2025-04-16 14:40:04,187] INFO django.utils.autoreload Watching for file changes with StatReloader
[2025-04-16 14:40:07,771] INFO django.server "GET /admin/ HTTP/1.1" 302 0
[2025-04-16 14:40:07,795] INFO django.server "GET /admin/login/?next=/admin/ HTTP/1.1" 200 4193
[2025-04-16 14:40:07,821] INFO django.server "GET /staticfiles/admin/css/base.css HTTP/1.1" 200 21544
[2025-04-16 14:40:07,837] INFO django.server "GET /staticfiles/admin/css/login.css HTTP/1.1" 200 958
[2025-04-16 14:40:07,839] INFO django.server "GET /staticfiles/admin/css/dark_mode.css HTTP/1.1" 200 2682
[2025-04-16 14:40:07,841] INFO django.server "GET /staticfiles/admin/css/nav_sidebar.css HTTP/1.1" 200 2810
[2025-04-16 14:40:07,842] INFO django.server "GET /staticfiles/admin/css/responsive.css HTTP/1.1" 200 17905
[2025-04-16 14:40:07,903] INFO django.server "GET /staticfiles/admin/js/theme.js HTTP/1.1" 200 1943
[2025-04-16 14:40:07,904] INFO django.server "GET /staticfiles/admin/js/nav_sidebar.js HTTP/1.1" 200 3063
[2025-04-16 14:40:08,088] WARNING django.request Not Found: /favicon.ico
[2025-04-16 14:40:08,088] WARNING django.server "GET /favicon.ico HTTP/1.1" 404 2268
[2025-04-16 14:40:11,903] INFO django.server "POST /admin/login/?next=/admin/ HTTP/1.1" 302 0
[2025-04-16 14:40:11,927] INFO django.server "GET /admin/ HTTP/1.1" 200 8856
[2025-04-16 14:40:11,951] INFO django.server "GET /staticfiles/admin/css/dashboard.css HTTP/1.1" 200 441
[2025-04-16 14:40:12,002] INFO django.server "GET /staticfiles/admin/img/icon-changelink.svg HTTP/1.1" 200 380
[2025-04-16 14:40:12,002] INFO django.server "GET /staticfiles/admin/img/icon-addlink.svg HTTP/1.1" 200 331
[2025-04-16 14:40:21,367] INFO django.server "GET /admin/orders/randomobject/ HTTP/1.1" 200 13850
[2025-04-16 14:40:21,398] INFO django.server "GET /staticfiles/admin/css/changelists.css HTTP/1.1" 200 6811
[2025-04-16 14:40:21,398] INFO django.server "GET /staticfiles/admin/js/jquery.init.js HTTP/1.1" 200 347
[2025-04-16 14:40:21,398] INFO django.server "GET /staticfiles/admin/js/core.js HTTP/1.1" 200 6208
[2025-04-16 14:40:21,399] INFO django.server "GET /staticfiles/admin/js/admin/RelatedObjectLookups.js HTTP/1.1" 200 9042
[2025-04-16 14:40:21,406] INFO django.server "GET /admin/jsi18n/ HTTP/1.1" 200 3342
[2025-04-16 14:40:21,407] INFO django.server "GET /staticfiles/admin/js/urlify.js HTTP/1.1" 200 7887
[2025-04-16 14:40:21,407] INFO django.server "GET /staticfiles/admin/js/actions.js HTTP/1.1" 200 8067
[2025-04-16 14:40:21,408] INFO django.server "GET /staticfiles/admin/js/prepopulate.js HTTP/1.1" 200 1531
[2025-04-16 14:40:21,409] INFO django.server "GET /staticfiles/admin/js/vendor/jquery/jquery.js HTTP/1.1" 200 285314
[2025-04-16 14:40:21,410] INFO django.server "GET /staticfiles/admin/js/vendor/xregexp/xregexp.js HTTP/1.1" 200 325171
[2025-04-16 14:40:21,439] INFO django.server "GET /staticfiles/admin/js/filters.js HTTP/1.1" 200 978
[2025-04-16 14:40:21,452] INFO django.server "GET /staticfiles/admin/img/tooltag-add.svg HTTP/1.1" 200 331
[2025-04-16 14:40:27,307] INFO django.server "GET /admin/orders/randomobject/11/change/ HTTP/1.1" 200 10444
[2025-04-16 14:40:27,326] INFO django.server "GET /staticfiles/admin/css/forms.css HTTP/1.1" 200 9090
[2025-04-16 14:40:27,327] INFO django.server "GET /staticfiles/admin/js/prepopulate_init.js HTTP/1.1" 200 586
[2025-04-16 14:40:27,333] INFO django.server "GET /admin/jsi18n/ HTTP/1.1" 200 3342
[2025-04-16 14:40:27,368] INFO django.server "GET /staticfiles/admin/js/change_form.js HTTP/1.1" 200 606
[2025-04-16 14:40:27,376] INFO django.server "GET /staticfiles/admin/css/widgets.css HTTP/1.1" 200 11800
[2025-04-16 14:40:29,065] INFO django.server "GET /admin/orders/randomobject/ HTTP/1.1" 200 13850
[2025-04-16 14:40:36,682] INFO django.server "GET /admin/orders/randomobject/ HTTP/1.1" 200 13850
[2025-04-16 14:40:36,704] INFO django.server "GET /admin/jsi18n/ HTTP/1.1" 200 3342
[2025-04-16 14:40:37,821] INFO django.server "GET /admin/orders/randomobject/ HTTP/1.1" 200 13850
[2025-04-16 14:40:37,840] INFO django.server "GET /admin/jsi18n/ HTTP/1.1" 200 3342
[2025-04-16 14:40:39,093] INFO django.server "GET /admin/orders/randomobject/ HTTP/1.1" 200 13850
[2025-04-16 14:40:39,113] INFO django.server "GET /admin/jsi18n/ HTTP/1.1" 200 3342
[2025-04-16 14:40:39,981] INFO django.server "GET /admin/orders/randomobject/ HTTP/1.1" 200 13850
[2025-04-16 14:40:39,999] INFO django.server "GET /admin/jsi18n/ HTTP/1.1" 200 3342
[2025-04-16 14:40:40,839] INFO django.server "GET /admin/orders/randomobject/ HTTP/1.1" 200 13850
[2025-04-16 14:40:40,857] INFO django.server "GET /admin/jsi18n/ HTTP/1.1" 200 3342
[2025-04-16 14:40:41,689] INFO django.server "GET /admin/orders/randomobject/ HTTP/1.1" 200 13850
[2025-04-16 14:40:41,707] INFO django.server "GET /admin/jsi18n/ HTTP/1.1" 200 3342
[2025-04-16 14:40:42,602] INFO django.server "GET /admin/orders/randomobject/ HTTP/1.1" 200 13850
[2025-04-16 14:40:42,620] INFO django.server "GET /admin/jsi18n/ HTTP/1.1" 200 3342
[2025-04-16 14:40:43,083] INFO django.server "GET /admin/orders/randomobject/ HTTP/1.1" 200 13850
[2025-04-16 14:40:43,102] INFO django.server "GET /admin/jsi18n/ HTTP/1.1" 200 3342
[2025-04-16 14:40:43,546] INFO django.server "GET /admin/orders/randomobject/ HTTP/1.1" 200 13850
[2025-04-16 14:40:43,567] INFO django.server "GET /admin/jsi18n/ HTTP/1.1" 200 3342
[2025-04-16 14:40:43,899] INFO django.server "GET /admin/orders/randomobject/ HTTP/1.1" 200 13850
[2025-04-16 14:40:43,918] INFO django.server "GET /admin/jsi18n/ HTTP/1.1" 200 3342
[2025-04-16 14:40:44,250] INFO django.server "GET /admin/orders/randomobject/ HTTP/1.1" 200 13850
[2025-04-16 14:40:44,269] INFO django.server "GET /admin/jsi18n/ HTTP/1.1" 200 3342
[2025-04-16 14:40:44,714] INFO django.server "GET /admin/orders/randomobject/ HTTP/1.1" 200 13850
[2025-04-16 14:40:44,733] INFO django.server "GET /admin/jsi18n/ HTTP/1.1" 200 3342
[2025-04-16 14:40:45,216] INFO django.server "GET /admin/orders/randomobject/ HTTP/1.1" 200 13850
[2025-04-16 14:40:45,236] INFO django.server "GET /admin/jsi18n/ HTTP/1.1" 200 3342
[2025-04-16 14:40:57,229] INFO django.server "GET /admin/orders/randomobject/ HTTP/1.1" 200 13850
[2025-04-16 14:40:57,248] INFO django.server "GET /admin/jsi18n/ HTTP/1.1" 200 3342
[2025-04-16 14:40:59,345] INFO django.server "GET /admin/auth/user/ HTTP/1.1" 200 11970
[2025-04-16 14:40:59,363] INFO django.server "GET /staticfiles/admin/img/search.svg HTTP/1.1" 200 458
[2025-04-16 14:40:59,363] INFO django.server "GET /staticfiles/admin/img/icon-yes.svg HTTP/1.1" 200 436
[2025-04-16 14:40:59,367] INFO django.server "GET /admin/jsi18n/ HTTP/1.1" 200 3342
[2025-04-16 14:40:59,431] INFO django.server "GET /staticfiles/admin/img/sorting-icons.svg HTTP/1.1" 200 1097
[2025-04-16 14:40:59,431] INFO django.server "GET /staticfiles/admin/img/icon-viewlink.svg HTTP/1.1" 200 581
[2025-04-16 14:41:00,321] INFO django.server "GET /admin/orders/randomobject/ HTTP/1.1" 200 13850
[2025-04-16 14:41:00,347] INFO django.server "GET /admin/jsi18n/ HTTP/1.1" 200 3342
[2025-04-16 14:41:11,986] INFO django.server "GET /admin/orders/randomobject/ HTTP/1.1" 200 14234
[2025-04-16 14:41:12,012] INFO django.server "GET /admin/jsi18n/ HTTP/1.1" 200 3342
[2025-04-16 14:44:08,791] INFO django.utils.autoreload Watching for file changes with StatReloader
[2025-04-16 14:45:08,294] INFO django.utils.autoreload Watching for file changes with StatReloader
[2025-04-16 17:39:46,040] INFO django.utils.autoreload Watching for file changes with StatReloader
[2025-04-16 17:41:40,341] INFO django.utils.autoreload /usr/src/app/core/settings.py changed, reloading.
[2025-04-16 17:41:41,788] INFO django.utils.autoreload Watching for file changes with StatReloader
[2025-04-16 17:42:56,959] INFO django.utils.autoreload Watching for file changes with StatReloader
[2025-04-16 17:43:10,726] INFO django.utils.autoreload Watching for file changes with StatReloader
[2025-04-16 17:44:15,522] INFO django.utils.autoreload Watching for file changes with StatReloader
[2025-04-16 17:45:13,255] INFO django.utils.autoreload /usr/src/app/p2p/admin.py changed, reloading.
[2025-04-16 17:45:14,628] INFO django.utils.autoreload Watching for file changes with StatReloader
[2025-04-16 17:45:29,914] INFO django.utils.autoreload /usr/src/app/p2p/admin.py changed, reloading.
[2025-04-16 17:45:31,321] INFO django.utils.autoreload Watching for file changes with StatReloader
[2025-04-16 17:46:18,702] INFO django.server "GET /admin/ HTTP/1.1" 200 10529
[2025-04-16 17:46:18,739] INFO django.server "GET /staticfiles/admin/css/base.css HTTP/1.1" 200 21544
[2025-04-16 17:46:18,752] INFO django.server "GET /staticfiles/admin/css/nav_sidebar.css HTTP/1.1" 200 2810
[2025-04-16 17:46:18,753] INFO django.server "GET /staticfiles/admin/css/dark_mode.css HTTP/1.1" 200 2682
[2025-04-16 17:46:18,753] INFO django.server "GET /staticfiles/admin/css/dashboard.css HTTP/1.1" 200 441
[2025-04-16 17:46:18,754] INFO django.server "GET /staticfiles/admin/css/responsive.css HTTP/1.1" 200 17905
[2025-04-16 17:46:18,826] INFO django.server "GET /staticfiles/admin/js/nav_sidebar.js HTTP/1.1" 200 3063
[2025-04-16 17:46:18,827] INFO django.server "GET /staticfiles/admin/js/theme.js HTTP/1.1" 200 1943
[2025-04-16 17:46:18,847] INFO django.server "GET /staticfiles/admin/img/icon-changelink.svg HTTP/1.1" 200 380
[2025-04-16 17:46:18,847] INFO django.server "GET /staticfiles/admin/img/icon-addlink.svg HTTP/1.1" 200 331
[2025-04-16 17:46:19,038] WARNING django.request Not Found: /favicon.ico
[2025-04-16 17:46:19,038] WARNING django.server "GET /favicon.ico HTTP/1.1" 404 2268
[2025-04-16 17:46:21,478] INFO django.server "GET /admin/p2p/currency/ HTTP/1.1" 200 11600
[2025-04-16 17:46:21,518] INFO django.server "GET /staticfiles/admin/css/changelists.css HTTP/1.1" 200 6811
[2025-04-16 17:46:21,520] INFO django.server "GET /staticfiles/admin/js/jquery.init.js HTTP/1.1" 200 347
[2025-04-16 17:46:21,520] INFO django.server "GET /staticfiles/admin/js/core.js HTTP/1.1" 200 6208
[2025-04-16 17:46:21,521] INFO django.server "GET /staticfiles/admin/js/admin/RelatedObjectLookups.js HTTP/1.1" 200 9042
[2025-04-16 17:46:21,524] INFO django.server "GET /staticfiles/admin/js/actions.js HTTP/1.1" 200 8067
[2025-04-16 17:46:21,529] INFO django.server "GET /admin/jsi18n/ HTTP/1.1" 200 3342
[2025-04-16 17:46:21,530] INFO django.server "GET /staticfiles/admin/js/urlify.js HTTP/1.1" 200 7887
[2025-04-16 17:46:21,531] INFO django.server "GET /staticfiles/admin/js/prepopulate.js HTTP/1.1" 200 1531
[2025-04-16 17:46:21,533] INFO django.server "GET /staticfiles/admin/js/vendor/jquery/jquery.js HTTP/1.1" 200 285314
[2025-04-16 17:46:21,534] INFO django.server "GET /staticfiles/admin/js/vendor/xregexp/xregexp.js HTTP/1.1" 200 325171
[2025-04-16 17:46:21,575] INFO django.server "GET /staticfiles/admin/js/filters.js HTTP/1.1" 200 978
[2025-04-16 17:46:21,593] INFO django.server "GET /staticfiles/admin/img/tooltag-add.svg HTTP/1.1" 200 331
[2025-04-16 17:46:26,990] INFO django.server "GET /admin/p2p/currencyoperationpreferences/ HTTP/1.1" 200 11168
[2025-04-16 17:46:27,023] INFO django.server "GET /admin/jsi18n/ HTTP/1.1" 200 3342
[2025-04-16 17:46:28,937] INFO django.server "GET /admin/p2p/currencyoperationpreferences/2/change/ HTTP/1.1" 200 13155
[2025-04-16 17:46:28,967] INFO django.server "GET /staticfiles/admin/css/forms.css HTTP/1.1" 200 9090
[2025-04-16 17:46:28,971] INFO django.server "GET /admin/jsi18n/ HTTP/1.1" 200 3342
[2025-04-16 17:46:28,980] INFO django.server "GET /staticfiles/admin/js/prepopulate_init.js HTTP/1.1" 200 586
[2025-04-16 17:46:29,002] INFO django.server "GET /staticfiles/admin/css/widgets.css HTTP/1.1" 200 11800
[2025-04-16 17:46:29,026] INFO django.server "GET /staticfiles/admin/img/icon-viewlink.svg HTTP/1.1" 200 581
[2025-04-16 17:46:29,026] INFO django.server "GET /staticfiles/admin/js/change_form.js HTTP/1.1" 200 606
[2025-04-16 17:46:31,651] INFO django.server "GET /admin/p2p/currencyexchangeconditions/ HTTP/1.1" 200 9494
[2025-04-16 17:46:31,684] INFO django.server "GET /admin/jsi18n/ HTTP/1.1" 200 3342
[2025-04-16 17:47:55,161] INFO django.utils.autoreload /usr/src/app/p2p/models.py changed, reloading.
[2025-04-16 17:47:56,642] INFO django.utils.autoreload Watching for file changes with StatReloader
[2025-04-16 18:06:32,632] INFO django.server "GET /admin/p2p/currencyexchangeconditions/ HTTP/1.1" 200 9494
[2025-04-16 18:06:32,662] INFO django.server "GET /staticfiles/admin/css/base.css HTTP/1.1" 304 0
[2025-04-16 18:06:32,668] INFO django.server "GET /staticfiles/admin/css/nav_sidebar.css HTTP/1.1" 304 0
[2025-04-16 18:06:32,668] INFO django.server "GET /staticfiles/admin/css/dark_mode.css HTTP/1.1" 304 0
[2025-04-16 18:06:32,668] INFO django.server "GET /staticfiles/admin/js/vendor/jquery/jquery.js HTTP/1.1" 304 0
[2025-04-16 18:06:32,673] INFO django.server "GET /staticfiles/admin/css/responsive.css HTTP/1.1" 304 0
[2025-04-16 18:06:32,673] INFO django.server "GET /staticfiles/admin/js/core.js HTTP/1.1" 304 0
[2025-04-16 18:06:32,673] INFO django.server "GET /staticfiles/admin/css/changelists.css HTTP/1.1" 304 0
[2025-04-16 18:06:32,677] INFO django.server "GET /staticfiles/admin/js/jquery.init.js HTTP/1.1" 304 0
[2025-04-16 18:06:32,678] INFO django.server "GET /staticfiles/admin/js/admin/RelatedObjectLookups.js HTTP/1.1" 304 0
[2025-04-16 18:06:32,678] INFO django.server "GET /staticfiles/admin/js/actions.js HTTP/1.1" 304 0
[2025-04-16 18:06:32,680] INFO django.server "GET /admin/jsi18n/ HTTP/1.1" 200 3342
[2025-04-16 18:06:32,683] INFO django.server "GET /staticfiles/admin/js/urlify.js HTTP/1.1" 304 0
[2025-04-16 18:06:32,714] INFO django.server "GET /staticfiles/admin/js/prepopulate.js HTTP/1.1" 304 0
[2025-04-16 18:06:32,719] INFO django.server "GET /staticfiles/admin/js/vendor/xregexp/xregexp.js HTTP/1.1" 304 0
[2025-04-16 18:06:32,761] INFO django.server "GET /staticfiles/admin/js/theme.js HTTP/1.1" 304 0
[2025-04-16 18:06:32,765] INFO django.server "GET /staticfiles/admin/js/nav_sidebar.js HTTP/1.1" 304 0
[2025-04-16 18:06:32,774] INFO django.server "GET /staticfiles/admin/js/filters.js HTTP/1.1" 304 0
[2025-04-16 18:06:32,782] INFO django.server "GET /staticfiles/admin/img/icon-addlink.svg HTTP/1.1" 304 0
[2025-04-16 18:06:32,782] INFO django.server "GET /staticfiles/admin/img/tooltag-add.svg HTTP/1.1" 304 0
[2025-04-16 18:06:38,559] INFO django.server "GET /admin/p2p/currencyexchangeconditions/ HTTP/1.1" 200 9494
[2025-04-16 18:06:38,583] INFO django.server "GET /admin/jsi18n/ HTTP/1.1" 200 3342
[2025-04-16 18:07:02,498] INFO django.server "GET /admin/p2p/currencyexchangeconditions/ HTTP/1.1" 200 12153
[2025-04-16 18:07:02,529] INFO django.server "GET /admin/jsi18n/ HTTP/1.1" 200 3342
[2025-04-16 18:07:52,800] INFO django.utils.autoreload /usr/src/app/p2p/admin.py changed, reloading.
[2025-04-16 18:07:54,391] INFO django.utils.autoreload Watching for file changes with StatReloader
[2025-04-16 18:07:55,698] INFO django.server "GET /admin/p2p/currencyexchangeconditions/ HTTP/1.1" 200 12167
[2025-04-16 18:07:55,725] INFO django.server "GET /admin/jsi18n/ HTTP/1.1" 200 3342
[2025-04-16 18:09:57,092] INFO django.utils.autoreload /usr/src/app/p2p/models.py changed, reloading.
[2025-04-16 18:09:58,730] INFO django.utils.autoreload Watching for file changes with StatReloader
[2025-04-16 18:10:08,005] INFO django.utils.autoreload /usr/src/app/p2p/models.py changed, reloading.
[2025-04-16 18:10:09,660] INFO django.utils.autoreload Watching for file changes with StatReloader
[2025-04-16 18:10:14,690] INFO django.server "GET /admin/p2p/currencyexchangeconditions/ HTTP/1.1" 200 12147
[2025-04-16 18:10:14,720] INFO django.server "GET /staticfiles/admin/css/dark_mode.css HTTP/1.1" 304 0
[2025-04-16 18:10:14,721] INFO django.server "GET /staticfiles/admin/css/base.css HTTP/1.1" 304 0
[2025-04-16 18:10:14,726] INFO django.server "GET /staticfiles/admin/js/jquery.init.js HTTP/1.1" 304 0
[2025-04-16 18:10:14,726] INFO django.server "GET /staticfiles/admin/css/changelists.css HTTP/1.1" 304 0
[2025-04-16 18:10:14,726] INFO django.server "GET /staticfiles/admin/js/vendor/jquery/jquery.js HTTP/1.1" 304 0
[2025-04-16 18:10:14,727] INFO django.server "GET /staticfiles/admin/css/nav_sidebar.css HTTP/1.1" 304 0
[2025-04-16 18:10:14,729] INFO django.server "GET /staticfiles/admin/css/responsive.css HTTP/1.1" 304 0
[2025-04-16 18:10:14,731] INFO django.server "GET /staticfiles/admin/js/core.js HTTP/1.1" 304 0
[2025-04-16 18:10:14,732] INFO django.server "GET /staticfiles/admin/js/admin/RelatedObjectLookups.js HTTP/1.1" 304 0
[2025-04-16 18:10:14,732] INFO django.server "GET /staticfiles/admin/js/actions.js HTTP/1.1" 304 0
[2025-04-16 18:10:14,735] INFO django.server "GET /admin/jsi18n/ HTTP/1.1" 200 3342
[2025-04-16 18:10:14,737] INFO django.server "GET /staticfiles/admin/js/urlify.js HTTP/1.1" 304 0
[2025-04-16 18:10:14,766] INFO django.server "GET /staticfiles/admin/js/prepopulate.js HTTP/1.1" 304 0
[2025-04-16 18:10:14,770] INFO django.server "GET /staticfiles/admin/js/vendor/xregexp/xregexp.js HTTP/1.1" 304 0
[2025-04-16 18:10:14,817] INFO django.server "GET /staticfiles/admin/js/theme.js HTTP/1.1" 304 0
[2025-04-16 18:10:14,823] INFO django.server "GET /staticfiles/admin/js/nav_sidebar.js HTTP/1.1" 304 0
[2025-04-16 18:10:14,834] INFO django.server "GET /staticfiles/admin/js/filters.js HTTP/1.1" 304 0
[2025-04-16 18:10:14,842] INFO django.server "GET /staticfiles/admin/img/icon-addlink.svg HTTP/1.1" 304 0
[2025-04-16 18:10:14,843] INFO django.server "GET /staticfiles/admin/img/tooltag-add.svg HTTP/1.1" 304 0
[2025-04-16 18:18:41,372] INFO django.utils.autoreload /usr/src/app/p2p/admin.py changed, reloading.
[2025-04-16 18:18:42,488] INFO django.utils.autoreload Watching for file changes with StatReloader
[2025-04-16 18:18:48,878] INFO django.server "GET /admin/p2p/currencyexchangeconditions/ HTTP/1.1" 200 13038
[2025-04-16 18:18:48,907] INFO django.server "GET /staticfiles/admin/css/base.css HTTP/1.1" 304 0
[2025-04-16 18:18:48,907] INFO django.server "GET /staticfiles/admin/css/dark_mode.css HTTP/1.1" 304 0
[2025-04-16 18:18:48,912] INFO django.server "GET /staticfiles/admin/css/nav_sidebar.css HTTP/1.1" 304 0
[2025-04-16 18:18:48,912] INFO django.server "GET /staticfiles/admin/js/jquery.init.js HTTP/1.1" 304 0
[2025-04-16 18:18:48,913] INFO django.server "GET /staticfiles/admin/js/vendor/jquery/jquery.js HTTP/1.1" 304 0
[2025-04-16 18:18:48,914] INFO django.server "GET /staticfiles/admin/css/changelists.css HTTP/1.1" 304 0
[2025-04-16 18:18:48,917] INFO django.server "GET /staticfiles/admin/css/responsive.css HTTP/1.1" 304 0
[2025-04-16 18:18:48,919] INFO django.server "GET /staticfiles/admin/js/core.js HTTP/1.1" 304 0
[2025-04-16 18:18:48,919] INFO django.server "GET /staticfiles/admin/js/admin/RelatedObjectLookups.js HTTP/1.1" 304 0
[2025-04-16 18:18:48,921] INFO django.server "GET /staticfiles/admin/js/actions.js HTTP/1.1" 304 0
[2025-04-16 18:18:48,923] INFO django.server "GET /admin/jsi18n/ HTTP/1.1" 200 3342
[2025-04-16 18:18:48,925] INFO django.server "GET /staticfiles/admin/js/urlify.js HTTP/1.1" 304 0
[2025-04-16 18:18:48,960] INFO django.server "GET /staticfiles/admin/js/prepopulate.js HTTP/1.1" 304 0
[2025-04-16 18:18:48,960] INFO django.server "GET /staticfiles/admin/js/vendor/xregexp/xregexp.js HTTP/1.1" 304 0
[2025-04-16 18:18:49,019] INFO django.server "GET /staticfiles/admin/js/theme.js HTTP/1.1" 304 0
[2025-04-16 18:18:49,019] INFO django.server "GET /staticfiles/admin/js/nav_sidebar.js HTTP/1.1" 304 0
[2025-04-16 18:18:49,027] INFO django.server "GET /staticfiles/admin/js/filters.js HTTP/1.1" 304 0
[2025-04-16 18:18:49,039] INFO django.server "GET /staticfiles/admin/img/icon-addlink.svg HTTP/1.1" 304 0
[2025-04-16 18:18:49,039] INFO django.server "GET /staticfiles/admin/img/tooltag-add.svg HTTP/1.1" 304 0
[2025-04-16 18:19:12,060] INFO django.utils.autoreload /usr/src/app/p2p/admin.py changed, reloading.
[2025-04-16 18:19:13,517] INFO django.utils.autoreload Watching for file changes with StatReloader
[2025-04-16 18:19:15,272] INFO django.server "GET /admin/p2p/currencyexchangeconditions/ HTTP/1.1" 200 12352
[2025-04-16 18:19:15,299] INFO django.server "GET /admin/jsi18n/ HTTP/1.1" 200 3342
[2025-04-16 18:19:43,084] INFO django.utils.autoreload /usr/src/app/p2p/admin.py changed, reloading.
[2025-04-16 18:19:44,599] INFO django.utils.autoreload Watching for file changes with StatReloader
[2025-04-16 18:19:47,295] ERROR django.request Internal Server Error: /admin/p2p/currencyexchangeconditions/
Traceback (most recent call last):
  File "/usr/local/lib/python3.12/site-packages/django/db/models/options.py", line 681, in get_field
    return self.fields_map[field_name]
           ~~~~~~~~~~~~~~~^^^^^^^^^^^^
KeyError: 'time_limit'

During handling of the above exception, another exception occurred:

Traceback (most recent call last):
  File "/usr/local/lib/python3.12/site-packages/django/contrib/admin/utils.py", line 289, in lookup_field
    f = _get_non_gfk_field(opts, name)
        ^^^^^^^^^^^^^^^^^^^^^^^^^^^^^^
  File "/usr/local/lib/python3.12/site-packages/django/contrib/admin/utils.py", line 322, in _get_non_gfk_field
    field = opts.get_field(name)
            ^^^^^^^^^^^^^^^^^^^^
  File "/usr/local/lib/python3.12/site-packages/django/db/models/options.py", line 683, in get_field
    raise FieldDoesNotExist(
django.core.exceptions.FieldDoesNotExist: CurrencyExchangeConditions has no field named 'time_limit'

During handling of the above exception, another exception occurred:

Traceback (most recent call last):
  File "/usr/local/lib/python3.12/site-packages/django/core/handlers/exception.py", line 55, in inner
    response = get_response(request)
               ^^^^^^^^^^^^^^^^^^^^^
  File "/usr/local/lib/python3.12/site-packages/django/core/handlers/base.py", line 220, in _get_response
    response = response.render()
               ^^^^^^^^^^^^^^^^^
  File "/usr/local/lib/python3.12/site-packages/django/template/response.py", line 114, in render
    self.content = self.rendered_content
                   ^^^^^^^^^^^^^^^^^^^^^
  File "/usr/local/lib/python3.12/site-packages/django/template/response.py", line 92, in rendered_content
    return template.render(context, self._request)
           ^^^^^^^^^^^^^^^^^^^^^^^^^^^^^^^^^^^^^^^
  File "/usr/local/lib/python3.12/site-packages/django/template/backends/django.py", line 61, in render
    return self.template.render(context)
           ^^^^^^^^^^^^^^^^^^^^^^^^^^^^^
  File "/usr/local/lib/python3.12/site-packages/django/template/base.py", line 171, in render
    return self._render(context)
           ^^^^^^^^^^^^^^^^^^^^^
  File "/usr/local/lib/python3.12/site-packages/django/template/base.py", line 163, in _render
    return self.nodelist.render(context)
           ^^^^^^^^^^^^^^^^^^^^^^^^^^^^^
  File "/usr/local/lib/python3.12/site-packages/django/template/base.py", line 1000, in render
    return SafeString("".join([node.render_annotated(context) for node in self]))
                               ^^^^^^^^^^^^^^^^^^^^^^^^^^^^^^
  File "/usr/local/lib/python3.12/site-packages/django/template/base.py", line 961, in render_annotated
    return self.render(context)
           ^^^^^^^^^^^^^^^^^^^^
  File "/usr/local/lib/python3.12/site-packages/django/template/loader_tags.py", line 159, in render
    return compiled_parent._render(context)
           ^^^^^^^^^^^^^^^^^^^^^^^^^^^^^^^^
  File "/usr/local/lib/python3.12/site-packages/django/template/base.py", line 163, in _render
    return self.nodelist.render(context)
           ^^^^^^^^^^^^^^^^^^^^^^^^^^^^^
  File "/usr/local/lib/python3.12/site-packages/django/template/base.py", line 1000, in render
    return SafeString("".join([node.render_annotated(context) for node in self]))
                               ^^^^^^^^^^^^^^^^^^^^^^^^^^^^^^
  File "/usr/local/lib/python3.12/site-packages/django/template/base.py", line 961, in render_annotated
    return self.render(context)
           ^^^^^^^^^^^^^^^^^^^^
  File "/usr/local/lib/python3.12/site-packages/django/template/loader_tags.py", line 159, in render
    return compiled_parent._render(context)
           ^^^^^^^^^^^^^^^^^^^^^^^^^^^^^^^^
  File "/usr/local/lib/python3.12/site-packages/django/template/base.py", line 163, in _render
    return self.nodelist.render(context)
           ^^^^^^^^^^^^^^^^^^^^^^^^^^^^^
  File "/usr/local/lib/python3.12/site-packages/django/template/base.py", line 1000, in render
    return SafeString("".join([node.render_annotated(context) for node in self]))
                               ^^^^^^^^^^^^^^^^^^^^^^^^^^^^^^
  File "/usr/local/lib/python3.12/site-packages/django/template/base.py", line 961, in render_annotated
    return self.render(context)
           ^^^^^^^^^^^^^^^^^^^^
  File "/usr/local/lib/python3.12/site-packages/django/template/loader_tags.py", line 65, in render
    result = block.nodelist.render(context)
             ^^^^^^^^^^^^^^^^^^^^^^^^^^^^^^
  File "/usr/local/lib/python3.12/site-packages/django/template/base.py", line 1000, in render
    return SafeString("".join([node.render_annotated(context) for node in self]))
                               ^^^^^^^^^^^^^^^^^^^^^^^^^^^^^^
  File "/usr/local/lib/python3.12/site-packages/django/template/base.py", line 961, in render_annotated
    return self.render(context)
           ^^^^^^^^^^^^^^^^^^^^
  File "/usr/local/lib/python3.12/site-packages/django/template/loader_tags.py", line 65, in render
    result = block.nodelist.render(context)
             ^^^^^^^^^^^^^^^^^^^^^^^^^^^^^^
  File "/usr/local/lib/python3.12/site-packages/django/template/base.py", line 1000, in render
    return SafeString("".join([node.render_annotated(context) for node in self]))
                               ^^^^^^^^^^^^^^^^^^^^^^^^^^^^^^
  File "/usr/local/lib/python3.12/site-packages/django/template/base.py", line 961, in render_annotated
    return self.render(context)
           ^^^^^^^^^^^^^^^^^^^^
  File "/usr/local/lib/python3.12/site-packages/django/contrib/admin/templatetags/base.py", line 45, in render
    return super().render(context)
           ^^^^^^^^^^^^^^^^^^^^^^^
  File "/usr/local/lib/python3.12/site-packages/django/template/library.py", line 258, in render
    _dict = self.func(*resolved_args, **resolved_kwargs)
            ^^^^^^^^^^^^^^^^^^^^^^^^^^^^^^^^^^^^^^^^^^^^
  File "/usr/local/lib/python3.12/site-packages/django/contrib/admin/templatetags/admin_list.py", line 345, in result_list
    "results": list(results(cl)),
               ^^^^^^^^^^^^^^^^^
  File "/usr/local/lib/python3.12/site-packages/django/contrib/admin/templatetags/admin_list.py", line 321, in results
    yield ResultList(None, items_for_result(cl, res, None))
          ^^^^^^^^^^^^^^^^^^^^^^^^^^^^^^^^^^^^^^^^^^^^^^^^^
  File "/usr/local/lib/python3.12/site-packages/django/contrib/admin/templatetags/admin_list.py", line 312, in __init__
    super().__init__(*items)
  File "/usr/local/lib/python3.12/site-packages/django/contrib/admin/templatetags/admin_list.py", line 217, in items_for_result
    f, attr, value = lookup_field(field_name, result, cl.model_admin)
                     ^^^^^^^^^^^^^^^^^^^^^^^^^^^^^^^^^^^^^^^^^^^^^^^^
  File "/usr/local/lib/python3.12/site-packages/django/contrib/admin/utils.py", line 298, in lookup_field
    value = attr(obj)
            ^^^^^^^^^
  File "/usr/src/app/p2p/admin.py", line 26, in time_limit
    return obj.extra_data_listing.get('payTimeLimit', ' - ') + " min"
           ~~~~~~~~~~~~~~~~~~~~~~~~~~~~~~~~~~~~~~~~~~~~~~~~~~^~~~~~~~
TypeError: unsupported operand type(s) for +: 'int' and 'str'
[2025-04-16 18:19:47,299] ERROR django.server "GET /admin/p2p/currencyexchangeconditions/ HTTP/1.1" 500 376758
[2025-04-16 18:20:04,046] INFO django.utils.autoreload /usr/src/app/p2p/admin.py changed, reloading.
[2025-04-16 18:20:05,281] INFO django.utils.autoreload Watching for file changes with StatReloader
[2025-04-16 18:20:25,687] INFO django.utils.autoreload /usr/src/app/p2p/admin.py changed, reloading.
[2025-04-16 18:20:26,970] INFO django.utils.autoreload Watching for file changes with StatReloader
[2025-04-16 18:20:30,222] INFO django.server "GET /admin/p2p/currencyexchangeconditions/ HTTP/1.1" 200 12362
[2025-04-16 18:20:30,251] INFO django.server "GET /admin/jsi18n/ HTTP/1.1" 200 3342
[2025-04-16 18:23:36,404] INFO django.utils.autoreload /usr/src/app/p2p/admin.py changed, reloading.
[2025-04-16 18:23:37,666] INFO django.utils.autoreload Watching for file changes with StatReloader
[2025-04-16 18:23:41,860] INFO django.utils.autoreload /usr/src/app/p2p/admin.py changed, reloading.
[2025-04-16 18:23:42,978] INFO django.utils.autoreload Watching for file changes with StatReloader
[2025-04-16 18:24:23,572] INFO django.utils.autoreload /usr/src/app/p2p/admin.py changed, reloading.
[2025-04-16 18:24:25,152] INFO django.utils.autoreload Watching for file changes with StatReloader
[2025-04-16 18:24:26,561] INFO django.server "GET /admin/p2p/currencyexchangeconditions/ HTTP/1.1" 200 13298
[2025-04-16 18:24:26,587] INFO django.server "GET /staticfiles/admin/css/base.css HTTP/1.1" 304 0
[2025-04-16 18:24:26,601] INFO django.server "GET /staticfiles/admin/css/dark_mode.css HTTP/1.1" 304 0
[2025-04-16 18:24:26,605] INFO django.server "GET /staticfiles/admin/css/nav_sidebar.css HTTP/1.1" 304 0
[2025-04-16 18:24:26,605] INFO django.server "GET /staticfiles/admin/css/changelists.css HTTP/1.1" 304 0
[2025-04-16 18:24:26,605] INFO django.server "GET /staticfiles/admin/js/vendor/jquery/jquery.js HTTP/1.1" 304 0
[2025-04-16 18:24:26,605] INFO django.server "GET /staticfiles/admin/css/responsive.css HTTP/1.1" 304 0
[2025-04-16 18:24:26,608] INFO django.server "GET /staticfiles/admin/js/jquery.init.js HTTP/1.1" 304 0
[2025-04-16 18:24:26,610] INFO django.server "GET /staticfiles/admin/js/core.js HTTP/1.1" 304 0
[2025-04-16 18:24:26,610] INFO django.server "GET /staticfiles/admin/js/admin/RelatedObjectLookups.js HTTP/1.1" 304 0
[2025-04-16 18:24:26,612] INFO django.server "GET /admin/jsi18n/ HTTP/1.1" 200 3342
[2025-04-16 18:24:26,615] INFO django.server "GET /staticfiles/admin/js/actions.js HTTP/1.1" 304 0
[2025-04-16 18:24:26,630] INFO django.server "GET /staticfiles/admin/js/urlify.js HTTP/1.1" 304 0
[2025-04-16 18:24:26,651] INFO django.server "GET /staticfiles/admin/js/prepopulate.js HTTP/1.1" 304 0
[2025-04-16 18:24:26,652] INFO django.server "GET /staticfiles/admin/js/vendor/xregexp/xregexp.js HTTP/1.1" 304 0
[2025-04-16 18:24:26,702] INFO django.server "GET /staticfiles/admin/js/theme.js HTTP/1.1" 304 0
[2025-04-16 18:24:26,708] INFO django.server "GET /staticfiles/admin/js/nav_sidebar.js HTTP/1.1" 304 0
[2025-04-16 18:24:26,723] INFO django.server "GET /staticfiles/admin/js/filters.js HTTP/1.1" 304 0
[2025-04-16 18:24:26,735] INFO django.server "GET /staticfiles/admin/img/icon-addlink.svg HTTP/1.1" 304 0
[2025-04-16 18:24:26,735] INFO django.server "GET /staticfiles/admin/img/tooltag-add.svg HTTP/1.1" 304 0
[2025-04-16 18:24:26,737] INFO django.server "GET /staticfiles/admin/img/icon-viewlink.svg HTTP/1.1" 304 0
[2025-04-16 18:27:36,046] INFO django.server "GET /admin/p2p/currencyexchangeconditions/?opertarion_type_for_usdt__exact=B HTTP/1.1" 200 13886
[2025-04-16 18:27:36,079] INFO django.server "GET /admin/jsi18n/ HTTP/1.1" 200 3342
[2025-04-16 18:27:40,199] INFO django.server "GET /admin/p2p/currencyexchangeconditions/?currency__id__exact=1&opertarion_type_for_usdt__exact=B HTTP/1.1" 200 13566
[2025-04-16 18:27:40,237] INFO django.server "GET /admin/jsi18n/ HTTP/1.1" 200 3342
[2025-04-16 18:27:56,333] INFO django.utils.autoreload /usr/src/app/p2p/admin.py changed, reloading.
[2025-04-16 18:27:57,740] INFO django.utils.autoreload Watching for file changes with StatReloader
[2025-04-16 18:30:49,851] INFO django.utils.autoreload /usr/src/app/p2p/admin.py changed, reloading.
[2025-04-16 18:30:51,098] INFO django.utils.autoreload Watching for file changes with StatReloader
[2025-04-16 18:31:02,502] INFO django.utils.autoreload /usr/src/app/p2p/admin.py changed, reloading.
[2025-04-16 18:31:03,770] INFO django.utils.autoreload Watching for file changes with StatReloader
[2025-04-16 18:31:24,191] INFO django.utils.autoreload /usr/src/app/p2p/admin.py changed, reloading.
[2025-04-16 18:31:25,711] INFO django.utils.autoreload Watching for file changes with StatReloader
[2025-04-16 18:31:27,492] INFO django.server "GET /admin/p2p/currencyexchangeconditions/?currency__id__exact=1&opertarion_type_for_usdt__exact=B HTTP/1.1" 200 13897
[2025-04-16 18:31:27,511] INFO django.server "GET /staticfiles/admin/css/base.css HTTP/1.1" 304 0
[2025-04-16 18:31:27,522] INFO django.server "GET /staticfiles/admin/css/dark_mode.css HTTP/1.1" 304 0
[2025-04-16 18:31:27,523] INFO django.server "GET /staticfiles/admin/css/changelists.css HTTP/1.1" 304 0
[2025-04-16 18:31:27,527] INFO django.server "GET /staticfiles/admin/css/nav_sidebar.css HTTP/1.1" 304 0
[2025-04-16 18:31:27,532] INFO django.server "GET /staticfiles/admin/js/vendor/jquery/jquery.js HTTP/1.1" 304 0
[2025-04-16 18:31:27,532] INFO django.server "GET /staticfiles/admin/js/core.js HTTP/1.1" 304 0
[2025-04-16 18:31:27,534] INFO django.server "GET /staticfiles/admin/js/jquery.init.js HTTP/1.1" 304 0
[2025-04-16 18:31:27,538] INFO django.server "GET /staticfiles/admin/js/admin/RelatedObjectLookups.js HTTP/1.1" 304 0
[2025-04-16 18:31:27,537] INFO django.server "GET /staticfiles/admin/css/responsive.css HTTP/1.1" 304 0
[2025-04-16 18:31:27,541] INFO django.server "GET /admin/jsi18n/ HTTP/1.1" 200 3342
[2025-04-16 18:31:27,546] INFO django.server "GET /staticfiles/admin/js/actions.js HTTP/1.1" 304 0
[2025-04-16 18:31:27,556] INFO django.server "GET /staticfiles/admin/js/urlify.js HTTP/1.1" 304 0
[2025-04-16 18:31:27,573] INFO django.server "GET /staticfiles/admin/js/prepopulate.js HTTP/1.1" 304 0
[2025-04-16 18:31:27,574] INFO django.server "GET /staticfiles/admin/js/vendor/xregexp/xregexp.js HTTP/1.1" 304 0
[2025-04-16 18:31:27,621] INFO django.server "GET /staticfiles/admin/js/theme.js HTTP/1.1" 304 0
[2025-04-16 18:31:27,628] INFO django.server "GET /staticfiles/admin/js/nav_sidebar.js HTTP/1.1" 304 0
[2025-04-16 18:31:27,636] INFO django.server "GET /staticfiles/admin/js/filters.js HTTP/1.1" 304 0
[2025-04-16 18:31:27,649] INFO django.server "GET /staticfiles/admin/img/icon-addlink.svg HTTP/1.1" 304 0
[2025-04-16 18:31:27,649] INFO django.server "GET /staticfiles/admin/img/tooltag-add.svg HTTP/1.1" 304 0
[2025-04-16 18:31:27,650] INFO django.server "GET /staticfiles/admin/img/icon-viewlink.svg HTTP/1.1" 304 0
[2025-04-16 18:32:02,342] INFO django.utils.autoreload /usr/src/app/p2p/admin.py changed, reloading.
[2025-04-16 18:32:03,897] INFO django.utils.autoreload Watching for file changes with StatReloader
[2025-04-16 18:32:05,120] INFO django.server "GET /admin/p2p/currencyexchangeconditions/?currency__id__exact=1&opertarion_type_for_usdt__exact=B HTTP/1.1" 200 13897
[2025-04-16 18:32:05,149] INFO django.server "GET /admin/jsi18n/ HTTP/1.1" 200 3342
[2025-04-16 18:32:21,419] INFO django.utils.autoreload /usr/src/app/p2p/admin.py changed, reloading.
[2025-04-16 18:32:22,882] INFO django.utils.autoreload Watching for file changes with StatReloader
[2025-04-16 18:32:25,808] INFO django.server "GET /admin/p2p/currencyexchangeconditions/?currency__id__exact=1&opertarion_type_for_usdt__exact=B HTTP/1.1" 200 13897
[2025-04-16 18:32:25,835] INFO django.server "GET /admin/jsi18n/ HTTP/1.1" 200 3342
[2025-04-16 18:36:59,225] INFO django.utils.autoreload /usr/src/app/p2p/models.py changed, reloading.
[2025-04-16 18:37:00,653] INFO django.utils.autoreload Watching for file changes with StatReloader
[2025-04-16 18:38:02,546] INFO django.utils.autoreload /usr/src/app/core/settings.py changed, reloading.
[2025-04-16 18:38:03,986] INFO django.utils.autoreload Watching for file changes with StatReloader
[2025-04-16 18:38:38,347] INFO django.utils.autoreload Watching for file changes with StatReloader
[2025-04-16 18:39:03,493] INFO django.server "GET /admin/p2p/currencyexchangeconditions/? HTTP/1.1" 200 16225
[2025-04-16 18:39:03,518] INFO django.server "GET /staticfiles/admin/css/base.css HTTP/1.1" 304 0
[2025-04-16 18:39:03,530] INFO django.server "GET /staticfiles/admin/css/dark_mode.css HTTP/1.1" 304 0
[2025-04-16 18:39:03,531] INFO django.server "GET /staticfiles/admin/css/nav_sidebar.css HTTP/1.1" 304 0
[2025-04-16 18:39:03,536] INFO django.server "GET /staticfiles/admin/css/responsive.css HTTP/1.1" 304 0
[2025-04-16 18:39:03,537] INFO django.server "GET /staticfiles/admin/css/changelists.css HTTP/1.1" 304 0
[2025-04-16 18:39:03,537] INFO django.server "GET /staticfiles/admin/js/jquery.init.js HTTP/1.1" 304 0
[2025-04-16 18:39:03,538] INFO django.server "GET /staticfiles/admin/js/vendor/jquery/jquery.js HTTP/1.1" 304 0
[2025-04-16 18:39:03,542] INFO django.server "GET /staticfiles/admin/js/admin/RelatedObjectLookups.js HTTP/1.1" 304 0
[2025-04-16 18:39:03,543] INFO django.server "GET /staticfiles/admin/js/core.js HTTP/1.1" 304 0
[2025-04-16 18:39:03,545] INFO django.server "GET /admin/jsi18n/ HTTP/1.1" 200 3342
[2025-04-16 18:39:03,548] INFO django.server "GET /staticfiles/admin/js/actions.js HTTP/1.1" 304 0
[2025-04-16 18:39:03,562] INFO django.server "GET /staticfiles/admin/js/urlify.js HTTP/1.1" 304 0
[2025-04-16 18:39:03,591] INFO django.server "GET /staticfiles/admin/js/vendor/xregexp/xregexp.js HTTP/1.1" 304 0
[2025-04-16 18:39:03,591] INFO django.server "GET /staticfiles/admin/js/prepopulate.js HTTP/1.1" 304 0
[2025-04-16 18:39:03,644] INFO django.server "GET /staticfiles/admin/js/theme.js HTTP/1.1" 304 0
[2025-04-16 18:39:03,645] INFO django.server "GET /staticfiles/admin/js/nav_sidebar.js HTTP/1.1" 304 0
[2025-04-16 18:39:03,651] INFO django.server "GET /staticfiles/admin/js/filters.js HTTP/1.1" 304 0
[2025-04-16 18:39:46,258] INFO django.server "GET /admin/p2p/currencyexchangeconditions/? HTTP/1.1" 200 16225
[2025-04-16 18:39:46,296] INFO django.server "GET /admin/jsi18n/ HTTP/1.1" 200 3342
[2025-04-16 18:39:46,376] INFO django.server "GET /staticfiles/admin/img/tooltag-add.svg HTTP/1.1" 304 0
[2025-04-16 18:39:46,376] INFO django.server "GET /staticfiles/admin/img/icon-addlink.svg HTTP/1.1" 304 0
[2025-04-16 18:39:46,377] INFO django.server "GET /staticfiles/admin/img/icon-viewlink.svg HTTP/1.1" 304 0
[2025-04-16 18:39:48,251] INFO django.server "GET /admin/p2p/currencyexchangeconditions/? HTTP/1.1" 200 16225
[2025-04-16 18:39:48,274] INFO django.server "GET /admin/jsi18n/ HTTP/1.1" 200 3342
[2025-04-16 18:40:15,542] INFO django.utils.autoreload /usr/src/app/p2p/models.py changed, reloading.
[2025-04-16 18:40:16,751] INFO django.utils.autoreload Watching for file changes with StatReloader
[2025-04-16 18:40:22,247] INFO django.server "GET /admin/p2p/currencyexchangeconditions/? HTTP/1.1" 200 18989
[2025-04-16 18:40:22,277] INFO django.server "GET /admin/jsi18n/ HTTP/1.1" 200 3342
[2025-04-16 18:40:22,342] INFO django.server "GET /staticfiles/admin/img/sorting-icons.svg HTTP/1.1" 200 1097
[2025-04-16 18:40:54,452] INFO django.utils.autoreload /usr/src/app/p2p/admin.py changed, reloading.
[2025-04-16 18:40:55,928] INFO django.utils.autoreload Watching for file changes with StatReloader
[2025-04-16 18:40:57,544] INFO django.server "GET /admin/p2p/currencyexchangeconditions/? HTTP/1.1" 200 18989
[2025-04-16 18:40:57,570] INFO django.server "GET /admin/jsi18n/ HTTP/1.1" 200 3342
[2025-04-16 18:41:10,265] INFO django.server "GET /admin/p2p/currencyexchangeconditions/?currency__id__exact=1 HTTP/1.1" 200 17855
[2025-04-16 18:41:10,291] INFO django.server "GET /admin/jsi18n/ HTTP/1.1" 200 3342
[2025-04-16 18:41:16,377] INFO django.server "GET /admin/p2p/currencyexchangeconditions/?currency__id__exact=1&opertarion_type_for_usdt__exact=B HTTP/1.1" 200 16417
[2025-04-16 18:41:16,414] INFO django.server "GET /admin/jsi18n/ HTTP/1.1" 200 3342
[2025-04-16 18:41:46,410] INFO django.server "GET /admin/p2p/currencyexchangeconditions/?currency__id__exact=1&opertarion_type_for_usdt__exact=B HTTP/1.1" 200 16417
[2025-04-16 18:41:46,442] INFO django.server "GET /admin/jsi18n/ HTTP/1.1" 200 3342
[2025-04-16 18:41:48,357] INFO django.server "GET /admin/p2p/currencyexchangeconditions/?currency__id__exact=1&opertarion_type_for_usdt__exact=B HTTP/1.1" 200 16417
[2025-04-16 18:41:48,382] INFO django.server "GET /admin/jsi18n/ HTTP/1.1" 200 3342
[2025-04-16 18:42:24,603] INFO django.server "GET /admin/p2p/currencyexchangeconditions/?currency__id__exact=1&opertarion_type_for_usdt__exact=B HTTP/1.1" 200 17118
[2025-04-16 18:42:24,633] INFO django.server "GET /admin/jsi18n/ HTTP/1.1" 200 3342
[2025-04-16 18:42:55,309] INFO django.server "GET /admin/p2p/currencyexchangeconditions/?currency__id__exact=1&opertarion_type_for_usdt__exact=S HTTP/1.1" 200 16432
[2025-04-16 18:42:55,339] INFO django.server "GET /admin/jsi18n/ HTTP/1.1" 200 3342
[2025-04-16 18:43:43,906] INFO django.utils.autoreload /usr/src/app/core/settings.py changed, reloading.
[2025-04-16 18:43:45,306] INFO django.utils.autoreload Watching for file changes with StatReloader
[2025-04-16 18:43:56,626] INFO django.utils.autoreload /usr/src/app/core/settings.py changed, reloading.
[2025-04-16 18:43:58,386] INFO django.utils.autoreload Watching for file changes with StatReloader
[2025-04-16 18:52:48,513] INFO django.utils.autoreload /usr/src/app/core/settings.py changed, reloading.
